<?xml version="1.0" encoding="UTF-8"?>
<testng-results ignored="0" total="2" passed="2" failed="0" skipped="0">
  <reporter-output>
  </reporter-output>
  <suite started-at="2022-10-11T11:21:04 IST" name="Default suite" finished-at="2022-10-11T11:21:25 IST" duration-ms="21135">
    <groups>
      <group name="Chrome">
        <method signature="AppTest.LaunchChrome()[pri:0, instance:appTests.AppTest@28f3b248]" name="LaunchChrome" class="appTests.AppTest"/>
        <method signature="AppTest.f()[pri:0, instance:appTests.AppTest@28f3b248]" name="f" class="appTests.AppTest"/>
      </group> <!-- Chrome -->
    </groups>
    <test started-at="2022-10-11T11:21:04 IST" name="Default test" finished-at="2022-10-11T11:21:25 IST" duration-ms="21135">
      <class name="appTests.AppTest">
        <test-method signature="LaunchChrome()[pri:0, instance:appTests.AppTest@28f3b248]" started-at="2022-10-11T11:21:04 IST" name="LaunchChrome" finished-at="2022-10-11T11:21:06 IST" duration-ms="2021" status="PASS">
          <reporter-output>
          </reporter-output>
        </test-method> <!-- LaunchChrome -->
        <test-method signature="f()[pri:0, instance:appTests.AppTest@28f3b248]" started-at="2022-10-11T11:21:06 IST" name="f" finished-at="2022-10-11T11:21:25 IST" depends-on-methods="appTests.AppTest.LaunchChrome" duration-ms="19017" status="PASS">
          <reporter-output>
          </reporter-output>
        </test-method> <!-- f -->
      </class> <!-- appTests.AppTest -->
    </test> <!-- Default test -->
  </suite> <!-- Default suite -->
</testng-results>
